<?xml version="1.0" encoding="UTF-8"?>
<testsuite xmlns:xsi="http://www.w3.org/2001/XMLSchema-instance" xsi:schemaLocation="https://maven.apache.org/surefire/maven-surefire-plugin/xsd/surefire-test-report.xsd" name="cl.exql.Calculadora.CalculadoraTest" time="0.127" tests="4" errors="0" skipped="0" failures="0">
  <properties>
[...]
</properties>
  <testcase name="testSumar" classname="cl.exql.Calculadora.CalculadoraTest" time="0.015"/>
  <testcase name="testMultiplicar" classname="cl.exql.Calculadora.CalculadoraTest" time="0"/>
  <testcase name="testDividir" classname="cl.exql.Calculadora.CalculadoraTest" time="0"/>
  <testcase name="testRestar" classname="cl.exql.Calculadora.CalculadoraTest" time="0"/>
</testsuite>