-------------------------------------------------------------------------------
Test set: cl.exql.SistemaGestion.test.ArchivoServicioTest
-------------------------------------------------------------------------------
Tests run: 2, Failures: 1, Errors: 0, Skipped: 0, Time elapsed: 0.045 s <<< FAILURE! - in cl.exql.SistemaGestion.test.ArchivoServicioTest
cargarDatosTest  Time elapsed: 0.033 s  <<< FAILURE!
org.opentest4j.AssertionFailedError: expected: <true> but was: <false>
	at cl.exql.SistemaGestion.test.ArchivoServicioTest.cargarDatosTest(ArchivoServicioTest.java:22)

