<?xml version="1.0" encoding="UTF-8"?>
<testsuite xmlns:xsi="http://www.w3.org/2001/XMLSchema-instance" xsi:noNamespaceSchemaLocation="https://maven.apache.org/surefire/maven-surefire-plugin/xsd/surefire-test-report.xsd" name="cl.exql.SistemaGestion.test.ArchivoServicioTest" time="0.045" tests="2" errors="0" skipped="0" failures="1">
  <properties>
[...]
</properties>
  <testcase name="confirmarImportarTest" classname="cl.exql.SistemaGestion.test.ArchivoServicioTest" time="0.001"/>
  <testcase name="cargarDatosTest" classname="cl.exql.SistemaGestion.test.ArchivoServicioTest" time="0.033">
    <failure message="expected: &lt;true&gt; but was: &lt;false&gt;" type="org.opentest4j.AssertionFailedError"><![CDATA[org.opentest4j.AssertionFailedError: expected: <true> but was: <false>
	at cl.exql.SistemaGestion.test.ArchivoServicioTest.cargarDatosTest(ArchivoServicioTest.java:22)
]]></failure>
    <system-out><![CDATA[

















































No se encuentra el archivo]]></system-out>
  </testcase>
</testsuite>